2025.02.13 19:45:07 INFO  Started: Metals version 1.5.1 in folders '/home/ben/workspace/airflow_spark_project_datawarehouse_nybike' for client Visual Studio Code 1.97.0.[0m
2025.02.13 19:45:09 INFO  no build target found for /home/ben/workspace/airflow_spark_project_datawarehouse_nybike/src/jobs/scala/etl_csv.scala. Using presentation compiler with project's scala-library version: 3.3.4[0m
2025.02.13 19:45:11 INFO  no build target found for /home/ben/workspace/airflow_spark_project_datawarehouse_nybike/src/jobs/scala/etl_csv.scala. Using presentation compiler with project's scala-library version: 3.3.4[0m
2025.02.13 19:45:11 INFO  Running List(/home/ben/.local/share/coursier/bin/scala-cli, setup-ide, /home/ben/workspace/airflow_spark_project_datawarehouse_nybike)[0m
2025.02.13 19:45:11 INFO  Attempting to connect to the build server...[0m
2025.02.13 19:45:11 INFO  Running BSP server List(/home/ben/.local/share/coursier/bin/.scala-cli.aux, bsp, --json-options, /home/ben/workspace/airflow_spark_project_datawarehouse_nybike/.scala-build/ide-options-v2.json, --json-launcher-options, /home/ben/workspace/airflow_spark_project_datawarehouse_nybike/.scala-build/ide-launcher-options.json, --envs-file, /home/ben/workspace/airflow_spark_project_datawarehouse_nybike/.scala-build/ide-envs.json, /home/ben/workspace/airflow_spark_project_datawarehouse_nybike)[0m
2025.02.13 19:45:11 INFO  tracing is disabled for protocol BSP, to enable tracing of incoming and outgoing JSON messages create an empty file at /home/ben/workspace/airflow_spark_project_datawarehouse_nybike/.metals/bsp.trace.json or /home/ben/.cache/metals/bsp.trace.json[0m
2025.02.13 19:45:11 INFO  time: Connected to build server in 1.9s[0m
2025.02.13 19:45:11 INFO  Connected to Build server: scala-cli v1.6.0[0m
2025.02.13 19:45:11 INFO  time: Imported build in 0.33s[0m
2025.02.13 19:45:11 INFO  running doctor check[0m
2025.02.13 19:45:11 INFO  java targets: airflow_spark_project_datawarehouse_nybike_dfcb79a7c1-test, airflow_spark_project_datawarehouse_nybike_dfcb79a7c1[0m
2025.02.13 19:45:11 INFO  compiling airflow_spark_project_datawarehouse_nybike_dfcb79a7c1 (1 scala source)[0m
2025.02.13 19:45:16 INFO  time: compiled airflow_spark_project_datawarehouse_nybike_dfcb79a7c1 in 4.88s[0m
2025.02.13 19:45:16 INFO  compiling airflow_spark_project_datawarehouse_nybike_dfcb79a7c1 (1 scala source)[0m
2025.02.13 19:45:17 WARN  Could not find java sources in /usr/lib/jvm/src.zip, /usr/lib/jvm/lib/src.zip, /usr/lib/jvm/java-21-openjdk-amd64/src.zip, /usr/lib/jvm/java-21-openjdk-amd64/lib/src.zip, /usr/lib/jvm/src.zip, /usr/lib/jvm/lib/src.zip, /usr/lib/jvm/java-21-openjdk-amd64/src.zip, /usr/lib/jvm/java-21-openjdk-amd64/lib/src.zip. Java symbols will not be available.[0m
2025.02.13 19:45:17 INFO  time: compiled airflow_spark_project_datawarehouse_nybike_dfcb79a7c1 in 1.2s[0m
2025.02.13 19:45:20 WARN  Could not find java sources in /usr/lib/jvm/src.zip, /usr/lib/jvm/lib/src.zip, /usr/lib/jvm/java-21-openjdk-amd64/src.zip, /usr/lib/jvm/java-21-openjdk-amd64/lib/src.zip, /usr/lib/jvm/src.zip, /usr/lib/jvm/lib/src.zip, /usr/lib/jvm/java-21-openjdk-amd64/src.zip, /usr/lib/jvm/java-21-openjdk-amd64/lib/src.zip. Java symbols will not be available.[0m
2025.02.13 19:45:20 INFO  time: indexed workspace in 8.88s[0m
Feb 13, 2025 7:45:20 PM org.eclipse.lsp4j.jsonrpc.services.GenericEndpoint notify
WARNING: Unsupported notification method: metals/windowStateDidChange
2025.02.13 19:45:20 INFO  compiling airflow_spark_project_datawarehouse_nybike_dfcb79a7c1 (1 scala source)[0m
2025.02.13 19:45:22 INFO  time: compiled airflow_spark_project_datawarehouse_nybike_dfcb79a7c1 in 1.66s[0m
2025.02.13 19:45:22 INFO  compiling airflow_spark_project_datawarehouse_nybike_dfcb79a7c1 (1 scala source)[0m
2025.02.13 19:45:24 INFO  time: compiled airflow_spark_project_datawarehouse_nybike_dfcb79a7c1 in 1.48s[0m
Feb 13, 2025 7:46:42 PM org.eclipse.lsp4j.jsonrpc.services.GenericEndpoint notify
WARNING: Unsupported notification method: metals/windowStateDidChange
Feb 13, 2025 7:48:54 PM org.eclipse.lsp4j.jsonrpc.services.GenericEndpoint notify
WARNING: Unsupported notification method: metals/windowStateDidChange
Feb 13, 2025 7:49:54 PM org.eclipse.lsp4j.jsonrpc.services.GenericEndpoint notify
WARNING: Unsupported notification method: metals/windowStateDidChange
Feb 13, 2025 7:49:54 PM org.eclipse.lsp4j.jsonrpc.services.GenericEndpoint notify
WARNING: Unsupported notification method: metals/windowStateDidChange
Feb 13, 2025 7:50:16 PM org.eclipse.lsp4j.jsonrpc.services.GenericEndpoint notify
WARNING: Unsupported notification method: metals/windowStateDidChange
Feb 13, 2025 7:50:17 PM org.eclipse.lsp4j.jsonrpc.services.GenericEndpoint notify
WARNING: Unsupported notification method: metals/windowStateDidChange
Feb 13, 2025 7:50:21 PM org.eclipse.lsp4j.jsonrpc.services.GenericEndpoint notify
WARNING: Unsupported notification method: metals/windowStateDidChange
Feb 13, 2025 7:50:25 PM org.eclipse.lsp4j.jsonrpc.services.GenericEndpoint notify
WARNING: Unsupported notification method: metals/windowStateDidChange
Feb 13, 2025 7:51:05 PM org.eclipse.lsp4j.jsonrpc.services.GenericEndpoint notify
WARNING: Unsupported notification method: metals/windowStateDidChange
Feb 13, 2025 7:52:09 PM org.eclipse.lsp4j.jsonrpc.services.GenericEndpoint notify
WARNING: Unsupported notification method: metals/windowStateDidChange
Feb 13, 2025 7:52:42 PM org.eclipse.lsp4j.jsonrpc.services.GenericEndpoint notify
WARNING: Unsupported notification method: metals/windowStateDidChange
Feb 13, 2025 7:52:42 PM org.eclipse.lsp4j.jsonrpc.services.GenericEndpoint notify
WARNING: Unsupported notification method: metals/windowStateDidChange
Feb 13, 2025 7:52:48 PM org.eclipse.lsp4j.jsonrpc.services.GenericEndpoint notify
WARNING: Unsupported notification method: metals/windowStateDidChange
Feb 13, 2025 7:53:32 PM org.eclipse.lsp4j.jsonrpc.services.GenericEndpoint notify
WARNING: Unsupported notification method: metals/windowStateDidChange
Feb 13, 2025 7:54:38 PM org.eclipse.lsp4j.jsonrpc.services.GenericEndpoint notify
WARNING: Unsupported notification method: metals/windowStateDidChange
Feb 13, 2025 7:54:53 PM org.eclipse.lsp4j.jsonrpc.services.GenericEndpoint notify
WARNING: Unsupported notification method: metals/windowStateDidChange
Feb 13, 2025 7:55:02 PM org.eclipse.lsp4j.jsonrpc.services.GenericEndpoint notify
WARNING: Unsupported notification method: metals/windowStateDidChange
Feb 13, 2025 7:55:02 PM org.eclipse.lsp4j.jsonrpc.services.GenericEndpoint notify
WARNING: Unsupported notification method: metals/windowStateDidChange
